<?xml version="1.0" encoding="UTF-8"?>
<!-- Generated by org.testng.reporters.JUnitReportReporter -->
<testsuite hostname="BINTERNS-QA2L" failures="0" tests="10" name="Test_NG_Annotation.Invo_param" time="0.025" errors="0" timestamp="2023-03-07T10:21:45 IST" skipped="0">
  <testcase classname="Test_NG_Annotation.Invo_param" name="test" time="0.002"/>
  <system-out/>
  <testcase classname="Test_NG_Annotation.Invo_param" name="test" time="0.001"/>
  <system-out/>
  <testcase classname="Test_NG_Annotation.Invo_param" name="test" time="0.001"/>
  <system-out/>
  <testcase classname="Test_NG_Annotation.Invo_param" name="test" time="0.001"/>
  <system-out/>
  <testcase classname="Test_NG_Annotation.Invo_param" name="test" time="0.001"/>
  <system-out/>
  <testcase classname="Test_NG_Annotation.Invo_param" name="test" time="0.001"/>
  <system-out/>
  <testcase classname="Test_NG_Annotation.Invo_param" name="test" time="0.013"/>
  <system-out/>
  <testcase classname="Test_NG_Annotation.Invo_param" name="test" time="0.001"/>
  <system-out/>
  <testcase classname="Test_NG_Annotation.Invo_param" name="test" time="0.001"/>
  <system-out/>
  <testcase classname="Test_NG_Annotation.Invo_param" name="test" time="0.003"/>
  <system-out/>
</testsuite> <!-- Test_NG_Annotation.Invo_param -->
