<?xml version="1.0" encoding="UTF-8"?>
<!-- Generated by org.testng.reporters.JUnitReportReporter -->
<testsuite hostname="BINTERNS-QA2L" failures="0" tests="2" name="Test_NG.Annotations_2" time="0.006" errors="0" timestamp="2023-03-06T10:43:14 IST" skipped="0">
  <testcase classname="Test_NG.Annotations_2" name="search" time="0.005"/>
  <system-out/>
  <testcase classname="Test_NG.Annotations_2" name="advsearch" time="0.001"/>
  <system-out/>
</testsuite> <!-- Test_NG.Annotations_2 -->
