<?xml version="1.0" encoding="UTF-8"?>
<!-- Generated by org.testng.reporters.JUnitReportReporter -->
<testsuite hostname="BINTERNS-QA2L" failures="0" tests="4" name="Test_NG.Grouping_test" time="0.016" errors="0" timestamp="2023-03-07T16:21:54 IST" skipped="0">
  <testcase classname="Test_NG.Grouping_test" name="loginbyEmail" time="0.013"/>
  <system-out/>
  <testcase classname="Test_NG.Grouping_test" name="loginbyFacebook" time="0.000"/>
  <system-out/>
  <testcase classname="Test_NG.Grouping_test" name="loginbyInsta" time="0.002"/>
  <system-out/>
  <testcase classname="Test_NG.Grouping_test" name="loginbyTwitter" time="0.001"/>
  <system-out/>
</testsuite> <!-- Test_NG.Grouping_test -->
