<?xml version="1.0" encoding="UTF-8"?>
<!-- Generated by org.testng.reporters.JUnitReportReporter -->
<testsuite hostname="BINTERNS-QA2L" failures="0" tests="3" name="Test_NG.Test1" time="18.002" errors="0" timestamp="2023-03-03T12:38:32 IST" skipped="0">
  <testcase classname="Test_NG.Test1" name="openapp" time="14.708"/>
  <system-out/>
  <testcase classname="Test_NG.Test1" name="login" time="3.193"/>
  <system-out/>
  <testcase classname="Test_NG.Test1" name="closeapp" time="0.101"/>
  <system-out/>
</testsuite> <!-- Test_NG.Test1 -->
