<?xml version="1.0" encoding="UTF-8"?>
<!-- Generated by org.testng.reporters.JUnitReportReporter -->
<testsuite hostname="BINTERNS-QA2L" failures="0" tests="2" name="Test_NG.Annotation_1" time="0.018" errors="0" timestamp="2023-03-06T10:37:21 IST" skipped="0">
  <testcase classname="Test_NG.Annotation_1" name="search" time="0.012"/>
  <system-out/>
  <testcase classname="Test_NG.Annotation_1" name="advsearch" time="0.006"/>
  <system-out/>
</testsuite> <!-- Test_NG.Annotation_1 -->
