<?xml version="1.0" encoding="UTF-8"?>
<!-- Generated by org.testng.reporters.JUnitReportReporter -->
<testsuite hostname="BINTERNS-QA2L" failures="0" tests="1" name="Test_NG.Asser_1" time="0.011" errors="0" timestamp="2023-03-06T11:15:33 IST" skipped="0">
  <testcase classname="Test_NG.Asser_1" name="abc" time="0.011"/>
  <system-out/>
</testsuite> <!-- Test_NG.Asser_1 -->
