<?xml version="1.0" encoding="UTF-8"?>
<!-- Generated by org.testng.reporters.JUnitReportReporter -->
<testsuite hostname="BINTERNS-QA2L" failures="0" tests="1" name="Test_NG.All_use_Annota" time="0.005" errors="0" timestamp="2023-03-06T11:50:24 IST" skipped="0">
  <testcase classname="Test_NG.All_use_Annota" name="search" time="0.005"/>
  <system-out/>
</testsuite> <!-- Test_NG.All_use_Annota -->
