<?xml version="1.0" encoding="UTF-8"?>
<!-- Generated by org.testng.reporters.JUnitReportReporter -->
<testsuite hostname="BINTERNS-QA2L" failures="0" tests="1" name="Test_NG_Annotation.test_11" time="0.007" errors="0" timestamp="2023-03-07T16:15:12 IST" skipped="0">
  <testcase classname="Test_NG_Annotation.test_11" name="abc" time="0.007"/>
  <system-out/>
</testsuite> <!-- Test_NG_Annotation.test_11 -->
