<?xml version="1.0" encoding="UTF-8"?>
<!-- Generated by org.testng.reporters.JUnitReportReporter -->
<testsuite hostname="BINTERNS-QA2L" failures="0" tests="1" name="Test_NG_Annotation.tset_22$test_11" time="0.001" errors="0" timestamp="2023-03-07T16:15:12 IST" skipped="0">
  <testcase classname="Test_NG_Annotation.tset_22$test_11" name="xyz" time="0.001"/>
  <system-out/>
</testsuite> <!-- Test_NG_Annotation.tset_22$test_11 -->
